<?xml version="1.0" encoding="UTF-8"?>
<!-- Generated by org.testng.reporters.JUnitXMLReporter -->
<testsuite hostname="6W5SNH2" ignored="0" name="Application Test" tests="11" failures="1" timestamp="02 Jun 2020 15:53:00 GMT" time="10.111" errors="0">
  <testcase name="Create_a_Bill_Payment_With_Checks_Enter_JournalEntry_Discount_n_Credits_n_ProcessPayment_WhileApproval_isDissabled_ThenDownload_PDF_4" time="2.12" classname="utilities.FileComparisionTest"/>
  <testcase name="Create_a_Bill_Payment_With_Checks_Enter_JournalEntry_Discount_n_Credits_n_ProcessPayment_WhileApproval_isEnabled_ThenDownload_PDF_3" time="1.093" classname="utilities.FileComparisionTest"/>
  <testcase name="Create_a_Bill_Payment_With_Checks_Enter_Negative_JournalEntry_Discount_n_Credits_n_ProcessPayment_WhileApproval_isDissabled_PDF_6" time="1.094" classname="utilities.FileComparisionTest"/>
  <testcase name="Create_a_Check_Payment_applying_Discount_n_ProcessPayment_ThenDownload_PDF_2" time="0.837" classname="utilities.FileComparisionTest"/>
  <testcase name="Create_an_ACH_Payment_VendorWithNoEmailAddress_n_ProcessPayment_WhileApproval_isEnabled_ThenCompare_PDF_9" time="0.804" classname="utilities.FileComparisionTest"/>
  <testcase name="Create_an_Expense_Report_Process_Payment_No_ApprovalNeeded_PDF_10" time="0.785" classname="utilities.FileComparisionTest"/>
  <testcase name="MEMO_Create_a_Bill_Payment_With_Checks_Enter_JournalEntry_Discount_n_Credits_n_ProcessPayment_WhileApproval_isDissabled_PDF_5" time="0.89" classname="utilities.FileComparisionTest"/>
  <testcase name="Succesfully_create_and_process_customer_withdrawal_ACH_payment_ThenDownload_PDF_8" time="0.742" classname="utilities.FileComparisionTest"/>
  <testcase name="Successfully_Create_And_Process_Discount_For_ACH_Payment_While_Approval_isEnabled_VendorNoEmail_PDF_7" time="0.828" classname="utilities.FileComparisionTest"/>
  <testcase name="Successfully_Create_And_Process_Discount_For_Checks_Payment_While_Approval_isEnabled_PDF_1" time="0.883" classname="utilities.FileComparisionTest"/>
  <testcase name="Successfully_Create_Process_a_Check_With_Memo_n_Expense_Memo_Edit_it_andAddItem_With_Quantity_TaxCode_n_Location_PDF11" time="0.002" classname="utilities.FileComparisionTest">
    <failure type="java.lang.NullPointerException">
      <![CDATA[java.lang.NullPointerException
at utilities.FilesClass.getMyFileName(FilesClass.java:70)
at utilities.FileComparisionTest.Successfully_Create_Process_a_Check_With_Memo_n_Expense_Memo_Edit_it_andAddItem_With_Quantity_TaxCode_n_Location_PDF11(FileComparisionTest.java:253)
... Removed 25 stack frames]]>
    </failure>
  </testcase> <!-- Successfully_Create_Process_a_Check_With_Memo_n_Expense_Memo_Edit_it_andAddItem_With_Quantity_TaxCode_n_Location_PDF11 -->
</testsuite> <!-- Application Test -->
