<?xml version="1.0" encoding="UTF-8"?>
<testng-results skipped="0" failed="1" ignored="0" total="11" passed="10">
  <reporter-output>
  </reporter-output>
  <suite name="Regression TestSuite" duration-ms="10111" started-at="2020-06-02T15:52:50Z" finished-at="2020-06-02T15:53:00Z">
    <groups>
    </groups>
    <test name="Application Test" duration-ms="10111" started-at="2020-06-02T15:52:50Z" finished-at="2020-06-02T15:53:00Z">
      <class name="utilities.FileComparisionTest">
        <test-method status="PASS" signature="Create_a_Bill_Payment_With_Checks_Enter_JournalEntry_Discount_n_Credits_n_ProcessPayment_WhileApproval_isDissabled_ThenDownload_PDF_4()[pri:0, instance:utilities.FileComparisionTest@643b1d11]" name="Create_a_Bill_Payment_With_Checks_Enter_JournalEntry_Discount_n_Credits_n_ProcessPayment_WhileApproval_isDissabled_ThenDownload_PDF_4" duration-ms="2120" started-at="2020-06-02T15:52:50Z" finished-at="2020-06-02T15:52:52Z">
          <reporter-output>
          </reporter-output>
        </test-method> <!-- Create_a_Bill_Payment_With_Checks_Enter_JournalEntry_Discount_n_Credits_n_ProcessPayment_WhileApproval_isDissabled_ThenDownload_PDF_4 -->
        <test-method status="PASS" signature="Create_a_Bill_Payment_With_Checks_Enter_JournalEntry_Discount_n_Credits_n_ProcessPayment_WhileApproval_isEnabled_ThenDownload_PDF_3()[pri:0, instance:utilities.FileComparisionTest@643b1d11]" name="Create_a_Bill_Payment_With_Checks_Enter_JournalEntry_Discount_n_Credits_n_ProcessPayment_WhileApproval_isEnabled_ThenDownload_PDF_3" duration-ms="1093" started-at="2020-06-02T15:52:52Z" finished-at="2020-06-02T15:52:54Z">
          <reporter-output>
          </reporter-output>
        </test-method> <!-- Create_a_Bill_Payment_With_Checks_Enter_JournalEntry_Discount_n_Credits_n_ProcessPayment_WhileApproval_isEnabled_ThenDownload_PDF_3 -->
        <test-method status="PASS" signature="Create_a_Bill_Payment_With_Checks_Enter_Negative_JournalEntry_Discount_n_Credits_n_ProcessPayment_WhileApproval_isDissabled_PDF_6()[pri:0, instance:utilities.FileComparisionTest@643b1d11]" name="Create_a_Bill_Payment_With_Checks_Enter_Negative_JournalEntry_Discount_n_Credits_n_ProcessPayment_WhileApproval_isDissabled_PDF_6" duration-ms="1094" started-at="2020-06-02T15:52:54Z" finished-at="2020-06-02T15:52:55Z">
          <reporter-output>
          </reporter-output>
        </test-method> <!-- Create_a_Bill_Payment_With_Checks_Enter_Negative_JournalEntry_Discount_n_Credits_n_ProcessPayment_WhileApproval_isDissabled_PDF_6 -->
        <test-method status="PASS" signature="Create_a_Check_Payment_applying_Discount_n_ProcessPayment_ThenDownload_PDF_2()[pri:0, instance:utilities.FileComparisionTest@643b1d11]" name="Create_a_Check_Payment_applying_Discount_n_ProcessPayment_ThenDownload_PDF_2" duration-ms="837" started-at="2020-06-02T15:52:55Z" finished-at="2020-06-02T15:52:55Z">
          <reporter-output>
          </reporter-output>
        </test-method> <!-- Create_a_Check_Payment_applying_Discount_n_ProcessPayment_ThenDownload_PDF_2 -->
        <test-method status="PASS" signature="Create_an_ACH_Payment_VendorWithNoEmailAddress_n_ProcessPayment_WhileApproval_isEnabled_ThenCompare_PDF_9()[pri:0, instance:utilities.FileComparisionTest@643b1d11]" name="Create_an_ACH_Payment_VendorWithNoEmailAddress_n_ProcessPayment_WhileApproval_isEnabled_ThenCompare_PDF_9" duration-ms="804" started-at="2020-06-02T15:52:55Z" finished-at="2020-06-02T15:52:56Z">
          <reporter-output>
          </reporter-output>
        </test-method> <!-- Create_an_ACH_Payment_VendorWithNoEmailAddress_n_ProcessPayment_WhileApproval_isEnabled_ThenCompare_PDF_9 -->
        <test-method status="PASS" signature="Create_an_Expense_Report_Process_Payment_No_ApprovalNeeded_PDF_10()[pri:0, instance:utilities.FileComparisionTest@643b1d11]" name="Create_an_Expense_Report_Process_Payment_No_ApprovalNeeded_PDF_10" duration-ms="785" started-at="2020-06-02T15:52:56Z" finished-at="2020-06-02T15:52:57Z">
          <reporter-output>
          </reporter-output>
        </test-method> <!-- Create_an_Expense_Report_Process_Payment_No_ApprovalNeeded_PDF_10 -->
        <test-method status="PASS" signature="MEMO_Create_a_Bill_Payment_With_Checks_Enter_JournalEntry_Discount_n_Credits_n_ProcessPayment_WhileApproval_isDissabled_PDF_5()[pri:0, instance:utilities.FileComparisionTest@643b1d11]" name="MEMO_Create_a_Bill_Payment_With_Checks_Enter_JournalEntry_Discount_n_Credits_n_ProcessPayment_WhileApproval_isDissabled_PDF_5" duration-ms="890" started-at="2020-06-02T15:52:57Z" finished-at="2020-06-02T15:52:58Z">
          <reporter-output>
          </reporter-output>
        </test-method> <!-- MEMO_Create_a_Bill_Payment_With_Checks_Enter_JournalEntry_Discount_n_Credits_n_ProcessPayment_WhileApproval_isDissabled_PDF_5 -->
        <test-method status="PASS" signature="Succesfully_create_and_process_customer_withdrawal_ACH_payment_ThenDownload_PDF_8()[pri:0, instance:utilities.FileComparisionTest@643b1d11]" name="Succesfully_create_and_process_customer_withdrawal_ACH_payment_ThenDownload_PDF_8" duration-ms="742" started-at="2020-06-02T15:52:58Z" finished-at="2020-06-02T15:52:59Z">
          <reporter-output>
          </reporter-output>
        </test-method> <!-- Succesfully_create_and_process_customer_withdrawal_ACH_payment_ThenDownload_PDF_8 -->
        <test-method status="PASS" signature="Successfully_Create_And_Process_Discount_For_ACH_Payment_While_Approval_isEnabled_VendorNoEmail_PDF_7()[pri:0, instance:utilities.FileComparisionTest@643b1d11]" name="Successfully_Create_And_Process_Discount_For_ACH_Payment_While_Approval_isEnabled_VendorNoEmail_PDF_7" duration-ms="828" started-at="2020-06-02T15:52:59Z" finished-at="2020-06-02T15:53:00Z">
          <reporter-output>
          </reporter-output>
        </test-method> <!-- Successfully_Create_And_Process_Discount_For_ACH_Payment_While_Approval_isEnabled_VendorNoEmail_PDF_7 -->
        <test-method status="PASS" signature="Successfully_Create_And_Process_Discount_For_Checks_Payment_While_Approval_isEnabled_PDF_1()[pri:0, instance:utilities.FileComparisionTest@643b1d11]" name="Successfully_Create_And_Process_Discount_For_Checks_Payment_While_Approval_isEnabled_PDF_1" duration-ms="883" started-at="2020-06-02T15:53:00Z" finished-at="2020-06-02T15:53:00Z">
          <reporter-output>
          </reporter-output>
        </test-method> <!-- Successfully_Create_And_Process_Discount_For_Checks_Payment_While_Approval_isEnabled_PDF_1 -->
        <test-method status="FAIL" signature="Successfully_Create_Process_a_Check_With_Memo_n_Expense_Memo_Edit_it_andAddItem_With_Quantity_TaxCode_n_Location_PDF11()[pri:0, instance:utilities.FileComparisionTest@643b1d11]" name="Successfully_Create_Process_a_Check_With_Memo_n_Expense_Memo_Edit_it_andAddItem_With_Quantity_TaxCode_n_Location_PDF11" duration-ms="2" started-at="2020-06-02T15:53:00Z" finished-at="2020-06-02T15:53:00Z">
          <exception class="java.lang.NullPointerException">
            <full-stacktrace>
              <![CDATA[java.lang.NullPointerException
at utilities.FilesClass.getMyFileName(FilesClass.java:70)
at utilities.FileComparisionTest.Successfully_Create_Process_a_Check_With_Memo_n_Expense_Memo_Edit_it_andAddItem_With_Quantity_TaxCode_n_Location_PDF11(FileComparisionTest.java:253)
at sun.reflect.NativeMethodAccessorImpl.invoke0(Native Method)
at sun.reflect.NativeMethodAccessorImpl.invoke(Unknown Source)
at sun.reflect.DelegatingMethodAccessorImpl.invoke(Unknown Source)
at java.lang.reflect.Method.invoke(Unknown Source)
at org.testng.internal.MethodInvocationHelper.invokeMethod(MethodInvocationHelper.java:124)
at org.testng.internal.Invoker.invokeMethod(Invoker.java:580)
at org.testng.internal.Invoker.invokeTestMethod(Invoker.java:716)
at org.testng.internal.Invoker.invokeTestMethods(Invoker.java:988)
at org.testng.internal.TestMethodWorker.invokeTestMethods(TestMethodWorker.java:125)
at org.testng.internal.TestMethodWorker.run(TestMethodWorker.java:109)
at org.testng.TestRunner.privateRun(TestRunner.java:648)
at org.testng.TestRunner.run(TestRunner.java:505)
at org.testng.SuiteRunner.runTest(SuiteRunner.java:455)
at org.testng.SuiteRunner.runSequentially(SuiteRunner.java:450)
at org.testng.SuiteRunner.privateRun(SuiteRunner.java:415)
at org.testng.SuiteRunner.run(SuiteRunner.java:364)
at org.testng.SuiteRunnerWorker.runSuite(SuiteRunnerWorker.java:52)
at org.testng.SuiteRunnerWorker.run(SuiteRunnerWorker.java:84)
at org.testng.TestNG.runSuitesSequentially(TestNG.java:1208)
at org.testng.TestNG.runSuitesLocally(TestNG.java:1137)
at org.testng.TestNG.runSuites(TestNG.java:1049)
at org.testng.TestNG.run(TestNG.java:1017)
at org.testng.remote.AbstractRemoteTestNG.run(AbstractRemoteTestNG.java:114)
at org.testng.remote.RemoteTestNG.initAndRun(RemoteTestNG.java:251)
at org.testng.remote.RemoteTestNG.main(RemoteTestNG.java:77)
]]>
            </full-stacktrace>
          </exception> <!-- java.lang.NullPointerException -->
          <reporter-output>
          </reporter-output>
        </test-method> <!-- Successfully_Create_Process_a_Check_With_Memo_n_Expense_Memo_Edit_it_andAddItem_With_Quantity_TaxCode_n_Location_PDF11 -->
      </class> <!-- utilities.FileComparisionTest -->
    </test> <!-- Application Test -->
  </suite> <!-- Regression TestSuite -->
</testng-results>
